<?xml version="1.0" encoding="UTF-8"?>
<!-- Generated by org.testng.reporters.JUnitXMLReporter -->
<testsuite ignored="0" hostname="LAPTOP-VB9FJKNE" failures="0" tests="15" name="Command line test" time="22.479" errors="0" timestamp="2024-02-01T17:51:05 IST">
  <testcase classname="Endpoints.GetAdventuredetails_Test" name="search_For_Adventure" time="3.406"/>
  <testcase classname="Endpoints.GetAdventuredetails_Test" name="search_For_Adventure_with_InvalidID" time="1.27"/>
  <testcase classname="Endpoints.Getadventure_Test" name="getAdventureDetails" time="1.348"/>
  <testcase classname="Endpoints.Getadventure_Test" name="getAdventureDetails_With_Adventure_name" time="1.22"/>
  <testcase classname="Endpoints.Getadventure_Test" name="getAdventureDetails_With_Invalid_City" time="1.228"/>
  <testcase classname="Endpoints.Getadventure_Test" name="getAdventureDetails_With_Invalid_City_And_Adventure" time="1.257"/>
  <testcase classname="Endpoints.GetCity_Test" name="getAllCity" time="1.164"/>
  <testcase classname="Endpoints.GetCity_Test" name="getAllCity1" time="1.295"/>
  <testcase classname="Endpoints.GetCity_Test" name="getAllCity3" time="1.209"/>
  <testcase classname="Endpoints.GetCity_Test" name="getAllCity4" time="1.25"/>
  <testcase classname="Endpoints.Login_Test" name="loginIntoQtrip" time="1.284"/>
  <testcase classname="Endpoints.Login_Test" name="loginIntoQtrip1" time="1.331"/>
  <testcase classname="Endpoints.Register_Test" name="createUser" time="1.336"/>
  <testcase classname="Endpoints.Register_Test" name="createUserPwd" time="1.305"/>
  <testcase classname="Endpoints.Register_Test" name="createUserWithExistingEmail" time="1.26"/>
</testsuite> <!-- Command line test -->
