<?xml version="1.0" encoding="UTF-8"?>
<!-- Generated by org.testng.reporters.JUnitXMLReporter -->
<testsuite ignored="0" hostname="LAPTOP-VB9FJKNE" failures="0" tests="15" name="Command line test" time="23.037" errors="0" timestamp="2024-02-01T12:02:39 IST">
  <testcase classname="Endpoints.GetAdventuredetails_Test" name="search_For_Adventure" time="3.459"/>
  <testcase classname="Endpoints.GetAdventuredetails_Test" name="search_For_Adventure_with_InvalidID" time="1.322"/>
  <testcase classname="Endpoints.Getadventure_Test" name="getAdventureDetails" time="1.495"/>
  <testcase classname="Endpoints.Getadventure_Test" name="getAdventureDetails_With_Adventure_name" time="1.255"/>
  <testcase classname="Endpoints.Getadventure_Test" name="getAdventureDetails_With_Invalid_City" time="1.311"/>
  <testcase classname="Endpoints.Getadventure_Test" name="getAdventureDetails_With_Invalid_City_And_Adventure" time="1.247"/>
  <testcase classname="Endpoints.GetCity_Test" name="getAllCity" time="1.227"/>
  <testcase classname="Endpoints.GetCity_Test" name="getAllCity1" time="1.308"/>
  <testcase classname="Endpoints.GetCity_Test" name="getAllCity3" time="1.221"/>
  <testcase classname="Endpoints.GetCity_Test" name="getAllCity4" time="1.274"/>
  <testcase classname="Endpoints.Login_Test" name="loginIntoQtrip" time="1.342"/>
  <testcase classname="Endpoints.Login_Test" name="loginIntoQtrip1" time="1.33"/>
  <testcase classname="Endpoints.Register_Test" name="createUser" time="1.28"/>
  <testcase classname="Endpoints.Register_Test" name="createUserPwd" time="1.308"/>
  <testcase classname="Endpoints.Register_Test" name="createUserWithExistingEmail" time="1.32"/>
</testsuite> <!-- Command line test -->
