<?xml version="1.0" encoding="UTF-8" ?>
<testsuite tests="15" failures="0" name="TestSuite" time="21.181" errors="0" skipped="0">
  <properties>
[...]
</properties>
  <testcase classname="Endpoints.GetAdventuredetails_Test" name="search_For_Adventure" time="3.413"/>
  <testcase classname="Endpoints.GetAdventuredetails_Test" name="search_For_Adventure_with_InvalidID" time="1.271"/>
  <testcase classname="Endpoints.Getadventure_Test" name="getAdventureDetails" time="1.349"/>
  <testcase classname="Endpoints.Getadventure_Test" name="getAdventureDetails_With_Adventure_name" time="1.22"/>
  <testcase classname="Endpoints.Getadventure_Test" name="getAdventureDetails_With_Invalid_City" time="1.228"/>
  <testcase classname="Endpoints.Getadventure_Test" name="getAdventureDetails_With_Invalid_City_And_Adventure" time="1.26"/>
  <testcase classname="Endpoints.GetCity_Test" name="getAllCity" time="1.165"/>
  <testcase classname="Endpoints.GetCity_Test" name="getAllCity1" time="1.294"/>
  <testcase classname="Endpoints.GetCity_Test" name="getAllCity3" time="1.208"/>
  <testcase classname="Endpoints.GetCity_Test" name="getAllCity4" time="1.255"/>
  <testcase classname="Endpoints.Login_Test" name="loginIntoQtrip" time="1.285"/>
  <testcase classname="Endpoints.Login_Test" name="loginIntoQtrip1" time="1.331"/>
  <testcase classname="Endpoints.Register_Test" name="createUser" time="1.343"/>
  <testcase classname="Endpoints.Register_Test" name="createUserPwd" time="1.299"/>
  <testcase classname="Endpoints.Register_Test" name="createUserWithExistingEmail" time="1.26"/>
</testsuite>